

Microchip MPLAB XC8 Assembler V2.10 build 88905656 
                                                                                               Wed Sep 11 14:42:47 2019

Microchip MPLAB XC8 C Compiler v2.10 (Free license) build 20190730164152 Og1 
     1                           	processor	18F4620
     2                           	fnconf	rparam,??,?,0
     3                           	opt	pw 120
     4                           	opt	flic
     5                           	psect	cinit,global,reloc=2,class=CODE,delta=1
     6                           	psect	cstackCOMRAM,global,class=COMRAM,space=1,delta=1,noexec
     7                           	psect	text0,global,reloc=2,class=CODE,delta=1
     8                           	psect	text1,global,reloc=2,class=CODE,delta=1
     9                           	psect	intsave_regs,global,class=BIGRAM,space=1,delta=1,noexec
    10                           	psect	rparam,global,class=COMRAM,space=1,delta=1,noexec
    11  0000                     
    12                           ; Version 2.10
    13                           ; Generated 31/07/2019 GMT
    14                           ; 
    15                           ; Copyright © 2019, Microchip Technology Inc. and its subsidiaries ("Microchip")
    16                           ; All rights reserved.
    17                           ; 
    18                           ; This software is developed by Microchip Technology Inc. and its subsidiaries ("Microch
      +                          ip").
    19                           ; 
    20                           ; Redistribution and use in source and binary forms, with or without modification, are
    21                           ; permitted provided that the following conditions are met:
    22                           ; 
    23                           ;     1. Redistributions of source code must retain the above copyright notice, this lis
      +                          t of
    24                           ;        conditions and the following disclaimer.
    25                           ; 
    26                           ;     2. Redistributions in binary form must reproduce the above copyright notice, this 
      +                          list
    27                           ;        of conditions and the following disclaimer in the documentation and/or other
    28                           ;        materials provided with the distribution.
    29                           ; 
    30                           ;     3. Microchip's name may not be used to endorse or promote products derived from th
      +                          is
    31                           ;        software without specific prior written permission.
    32                           ; 
    33                           ; THIS SOFTWARE IS PROVIDED BY MICROCHIP "AS IS" AND ANY EXPRESS OR IMPLIED WARRANTIES,
    34                           ; INCLUDING, BUT NOT LIMITED TO, THE IMPLIED WARRANTIES OF MERCHANTABILITY AND FITNESS F
      +                          OR
    35                           ; PURPOSE ARE DISCLAIMED.  IN NO EVENT SHALL MICROCHIP BE LIABLE FOR ANY DIRECT, INDIREC
      +                          T,
    36                           ; INCIDENTAL, SPECIAL, EXEMPLARY, OR CONSEQUENTIAL DAMAGES (INCLUDING BUT NOT LIMITED TO
    37                           ; PROCUREMENT OF SUBSTITUTE GOODS OR SERVICES; LOSS OF USE, DATA OR PROFITS; OR BUSINESS
    38                           ; INTERRUPTION) HOWSOEVER CAUSED AND ON ANY THEORY OF LIABILITY, WHETHER IN CONTRACT, ST
      +                          RICT
    39                           ; LIABILITY, OR TORT (INCLUDING NEGLIGENCE OR OTHERWISE) ARISING IN ANY WAY OUT OF THE U
      +                          SE OF
    40                           ; THIS SOFTWARE, EVEN IF ADVISED OF THE POSSIBILITY OF SUCH DAMAGE.
    41                           ; 
    42                           ; 
    43                           ; Code-generator required, PIC18F4620 Definitions
    44                           ; 
    45                           ; SFR Addresses
    46  0000                     
    47                           ; #config settings
    48  0000                     
    49                           	psect	cinit
    50  00FFF2                     __pcinit:
    51                           	opt callstack 0
    52  00FFF2                     start_initialization:
    53                           	opt callstack 0
    54  00FFF2                     __initialization:
    55                           	opt callstack 0
    56  00FFF2                     end_of_initialization:
    57                           	opt callstack 0
    58  00FFF2                     __end_of__initialization:
    59                           	opt callstack 0
    60  00FFF2  0100               	movlb	0
    61  00FFF4  EFFC  F07F         	goto	_main	;jump to C main() function
    62                           
    63                           	psect	cstackCOMRAM
    64  000000                     __pcstackCOMRAM:
    65                           	opt callstack 0
    66  000000                     
    67                           ; 1 bytes @ 0x0
    68 ;;
    69 ;;Main: autosize = 0, tempsize = 0, incstack = 0, save=0
    70 ;;
    71 ;; *************** function _main *****************
    72 ;; Defined at:
    73 ;;		line 76 in file "main_Cuna.c"
    74 ;; Parameters:    Size  Location     Type
    75 ;;		None
    76 ;; Auto vars:     Size  Location     Type
    77 ;;		None
    78 ;; Return value:  Size  Location     Type
    79 ;;                  1    wreg      void 
    80 ;; Registers used:
    81 ;;		cstack
    82 ;; Tracked objects:
    83 ;;		On entry : 0/0
    84 ;;		On exit  : 0/0
    85 ;;		Unchanged: 0/0
    86 ;; Data sizes:     COMRAM   BANK0   BANK1   BANK2   BANK3   BANK4   BANK5   BANK6   BANK7   BANK8   BANK9  BANK10  BANK1
      +1  BANK12  BANK13  BANK14  BANK15
    87 ;;      Params:         0       0       0       0       0       0       0       0       0       0       0       0       
      +0       0       0       0       0
    88 ;;      Locals:         0       0       0       0       0       0       0       0       0       0       0       0       
      +0       0       0       0       0
    89 ;;      Temps:          0       0       0       0       0       0       0       0       0       0       0       0       
      +0       0       0       0       0
    90 ;;      Totals:         0       0       0       0       0       0       0       0       0       0       0       0       
      +0       0       0       0       0
    91 ;;Total ram usage:        0 bytes
    92 ;; Hardware stack levels required when called:    1
    93 ;; This function calls:
    94 ;;		_setup
    95 ;; This function is called by:
    96 ;;		Startup code after reset
    97 ;; This function uses a non-reentrant model
    98 ;;
    99                           
   100                           	psect	text0
   101  00FFF8                     __ptext0:
   102                           	opt callstack 0
   103  00FFF8                     _main:
   104                           	opt callstack 30
   105  00FFF8                     
   106                           ;main_Cuna.c: 77:     setup ();
   107  00FFF8  ECF8  F07F         	call	_setup	;wreg free
   108  00FFFC  EF00  F000         	goto	start
   109  010000                     __end_of_main:
   110                           	opt callstack 0
   111                           
   112 ;; *************** function _setup *****************
   113 ;; Defined at:
   114 ;;		line 82 in file "main_Cuna.c"
   115 ;; Parameters:    Size  Location     Type
   116 ;;		None
   117 ;; Auto vars:     Size  Location     Type
   118 ;;		None
   119 ;; Return value:  Size  Location     Type
   120 ;;                  1    wreg      void 
   121 ;; Registers used:
   122 ;;		None
   123 ;; Tracked objects:
   124 ;;		On entry : 0/0
   125 ;;		On exit  : 0/0
   126 ;;		Unchanged: 0/0
   127 ;; Data sizes:     COMRAM   BANK0   BANK1   BANK2   BANK3   BANK4   BANK5   BANK6   BANK7   BANK8   BANK9  BANK10  BANK1
      +1  BANK12  BANK13  BANK14  BANK15
   128 ;;      Params:         0       0       0       0       0       0       0       0       0       0       0       0       
      +0       0       0       0       0
   129 ;;      Locals:         0       0       0       0       0       0       0       0       0       0       0       0       
      +0       0       0       0       0
   130 ;;      Temps:          0       0       0       0       0       0       0       0       0       0       0       0       
      +0       0       0       0       0
   131 ;;      Totals:         0       0       0       0       0       0       0       0       0       0       0       0       
      +0       0       0       0       0
   132 ;;Total ram usage:        0 bytes
   133 ;; Hardware stack levels used:    1
   134 ;; This function calls:
   135 ;;		Nothing
   136 ;; This function is called by:
   137 ;;		_main
   138 ;; This function uses a non-reentrant model
   139 ;;
   140                           
   141                           	psect	text1
   142  00FFF0                     __ptext1:
   143                           	opt callstack 0
   144  00FFF0                     _setup:
   145                           	opt callstack 30
   146  00FFF0  0012               	return		;funcret
   147  00FFF2                     __end_of_setup:
   148                           	opt callstack 0
   149  0000                     
   150                           	psect	rparam
   151  0000                     tosu	equ	0xFFF
   152                           tosh	equ	0xFFE
   153                           tosl	equ	0xFFD
   154                           stkptr	equ	0xFFC
   155                           pclatu	equ	0xFFB
   156                           pclath	equ	0xFFA
   157                           pcl	equ	0xFF9
   158                           tblptru	equ	0xFF8
   159                           tblptrh	equ	0xFF7
   160                           tblptrl	equ	0xFF6
   161                           tablat	equ	0xFF5
   162                           prodh	equ	0xFF4
   163                           prodl	equ	0xFF3
   164                           indf0	equ	0xFEF
   165                           postinc0	equ	0xFEE
   166                           postdec0	equ	0xFED
   167                           preinc0	equ	0xFEC
   168                           plusw0	equ	0xFEB
   169                           fsr0h	equ	0xFEA
   170                           fsr0l	equ	0xFE9
   171                           wreg	equ	0xFE8
   172                           indf1	equ	0xFE7
   173                           postinc1	equ	0xFE6
   174                           postdec1	equ	0xFE5
   175                           preinc1	equ	0xFE4
   176                           plusw1	equ	0xFE3
   177                           fsr1h	equ	0xFE2
   178                           fsr1l	equ	0xFE1
   179                           bsr	equ	0xFE0
   180                           indf2	equ	0xFDF
   181                           postinc2	equ	0xFDE
   182                           postdec2	equ	0xFDD
   183                           preinc2	equ	0xFDC
   184                           plusw2	equ	0xFDB
   185                           fsr2h	equ	0xFDA
   186                           fsr2l	equ	0xFD9
   187                           status	equ	0xFD8


Data Sizes:
    Strings     0
    Constant    0
    Data        0
    BSS         0
    Persistent  0
    Stack       0

Auto Spaces:
    Space          Size  Autos    Used
    COMRAM          127      0       0
    BANK0           128      0       0
    BANK1           256      0       0
    BANK2           256      0       0
    BANK3           256      0       0
    BANK4           256      0       0
    BANK5           256      0       0
    BANK6           256      0       0
    BANK7           256      0       0
    BANK8           256      0       0
    BANK9           256      0       0
    BANK10          256      0       0
    BANK11          256      0       0
    BANK12          256      0       0
    BANK13          256      0       0
    BANK14          256      0       0
    BANK15          128      0       0

Pointer List with Targets:

    None.

Critical Paths under _main in COMRAM

    None.

Critical Paths under _main in BANK0

    None.

Critical Paths under _main in BANK1

    None.

Critical Paths under _main in BANK2

    None.

Critical Paths under _main in BANK3

    None.

Critical Paths under _main in BANK4

    None.

Critical Paths under _main in BANK5

    None.

Critical Paths under _main in BANK6

    None.

Critical Paths under _main in BANK7

    None.

Critical Paths under _main in BANK8

    None.

Critical Paths under _main in BANK9

    None.

Critical Paths under _main in BANK10

    None.

Critical Paths under _main in BANK11

    None.

Critical Paths under _main in BANK12

    None.

Critical Paths under _main in BANK13

    None.

Critical Paths under _main in BANK14

    None.

Critical Paths under _main in BANK15

    None.

Call Graph Tables:

 ---------------------------------------------------------------------------------
 (Depth) Function   	        Calls       Base Space   Used Autos Params    Refs
 ---------------------------------------------------------------------------------
 (0) _main                                                 0     0      0       0
                              _setup
 ---------------------------------------------------------------------------------
 (1) _setup                                                0     0      0       0
 ---------------------------------------------------------------------------------
 Estimated maximum stack depth 1
 ---------------------------------------------------------------------------------

 Call Graph Graphs:

 _main (ROOT)
   _setup

 Address spaces:
Name               Size   Autos  Total    Cost      Usage
BITCOMRAM           7F      0       0       0        0.0%
EEDATA             400      0       0       0        0.0%
NULL                 0      0       0       0        0.0%
CODE                 0      0       0       0        0.0%
COMRAM              7F      0       0       1        0.0%
STACK                0      0       0       2        0.0%
DATA                 0      0       0       3        0.0%
BITBANK0            80      0       0       4        0.0%
BANK0               80      0       0       5        0.0%
BITBANK1           100      0       0       6        0.0%
BANK1              100      0       0       7        0.0%
BITBANK2           100      0       0       8        0.0%
BANK2              100      0       0       9        0.0%
BITBANK3           100      0       0      10        0.0%
BANK3              100      0       0      11        0.0%
BITBANK4           100      0       0      12        0.0%
BANK4              100      0       0      13        0.0%
BITBANK5           100      0       0      14        0.0%
BANK5              100      0       0      15        0.0%
BITBANK6           100      0       0      16        0.0%
BANK6              100      0       0      17        0.0%
BITBANK7           100      0       0      18        0.0%
BANK7              100      0       0      19        0.0%
BITBANK8           100      0       0      20        0.0%
BANK8              100      0       0      21        0.0%
BITBANK9           100      0       0      22        0.0%
BANK9              100      0       0      23        0.0%
BITBANK10          100      0       0      24        0.0%
BANK10             100      0       0      25        0.0%
BITBANK11          100      0       0      26        0.0%
BANK11             100      0       0      27        0.0%
BITBANK12          100      0       0      28        0.0%
BANK12             100      0       0      29        0.0%
BITBANK13          100      0       0      30        0.0%
BANK13             100      0       0      31        0.0%
BITBANK14          100      0       0      32        0.0%
BANK14             100      0       0      33        0.0%
ABS                  0      0       0      34        0.0%
BITBANK15           80      0       0      35        0.0%
BANK15              80      0       0      36        0.0%
BIGRAM             F7F      0       0      37        0.0%
BITSFR               0      0       0     200        0.0%
SFR                  0      0       0     200        0.0%


Microchip Technology PIC18 Macro Assembler V2.10 build 88905656 
Symbol Table                                                                                   Wed Sep 11 14:42:47 2019

                      l7 FFFC                       l10 FFF0              __CFG_BORV$3 000000  
           __CFG_CP0$OFF 000000             __CFG_CP1$OFF 000000             __CFG_CP2$OFF 000000  
           __CFG_CP3$OFF 000000              __CFG_OSC$HS 000000                      l686 FFF8  
           __CFG_CPB$OFF 000000             __CFG_CPD$OFF 000000             __CFG_LVP$OFF 000000  
           __CFG_WDT$OFF 000000             __CFG_PWRT$ON 000000                     _main FFF8  
          __CFG_BOREN$ON 000000                     start 0000            __CFG_IESO$OFF 000000  
          __CFG_MCLRE$ON 000000             ___param_bank 000000                    ?_main 0000  
          __CFG_WRT0$OFF 000000            __CFG_WRT1$OFF 000000            __CFG_WRT2$OFF 000000  
          __CFG_WRT3$OFF 000000           __CFG_EBTR0$OFF 000000           __CFG_FCMEN$OFF 000000  
         __CFG_EBTR1$OFF 000000           __CFG_EBTR2$OFF 000000           __CFG_EBTR3$OFF 000000  
          __CFG_WRTB$OFF 000000            __CFG_WRTC$OFF 000000            __CFG_WRTD$OFF 000000  
         __CFG_EBTRB$OFF 000000                    _setup FFF0          __initialization FFF2  
           __end_of_main 0000                   ??_main 0000            __activetblptr 000000  
                 ?_setup 0000           __CFG_XINST$OFF 000000           __CFG_STVREN$ON 000000  
             __accesstop 0080  __end_of__initialization FFF2          __CFG_PBADEN$OFF 000000  
          ___rparam_used 000001           __pcstackCOMRAM 0000            __end_of_setup FFF2  
                ??_setup 0000                  __Hparam 0000                  __Lparam 0000  
                __pcinit FFF2                  __ramtop 1000                  __ptext0 FFF8  
                __ptext1 FFF0     end_of_initialization FFF2      start_initialization FFF2  
       __CFG_LPT1OSC$OFF 000000        __CFG_CCP2MX$PORTC 000000           __size_of_setup 0002  
       __CFG_WDTPS$32768 000000                 __Hrparam 0000                 __Lrparam 0000  
          __size_of_main 0008  
