

Microchip Technology PIC LITE Macro Assembler V1.45 build -152302408 
                                                                                               Sat Mar 24 13:20:17 2018

Microchip Technology Omniscient Code Generator v1.45 (Free mode) build 201711160504
     1                           	processor	16F887
     2                           	opt	pw 120
     3                           	opt	lm
     4                           	psect	cinit,global,class=CODE,merge=1,delta=2
     5                           	psect	cstackCOMMON,global,class=COMMON,space=1,delta=1
     6                           	psect	maintext,global,class=CODE,split=1,delta=2
     7                           	psect	text1,local,class=CODE,merge=1,delta=2
     8                           	dabs	1,0x7E,2
     9  0000                     
    10                           ; Version 1.45
    11                           ; Generated 16/11/2017 GMT
    12                           ; 
    13                           ; Copyright © 2017, Microchip Technology Inc. and its subsidiaries ("Microchip")
    14                           ; All rights reserved.
    15                           ; 
    16                           ; This software is developed by Microchip Technology Inc. and its subsidiaries ("Microch
      +                          ip").
    17                           ; 
    18                           ; Redistribution and use in source and binary forms, with or without modification, are
    19                           ; permitted provided that the following conditions are met:
    20                           ; 
    21                           ;     1. Redistributions of source code must retain the above copyright notice, this lis
      +                          t of
    22                           ;        conditions and the following disclaimer.
    23                           ; 
    24                           ;     2. Redistributions in binary form must reproduce the above copyright notice, this 
      +                          list
    25                           ;        of conditions and the following disclaimer in the documentation and/or other
    26                           ;        materials provided with the distribution.
    27                           ; 
    28                           ;     3. Microchip's name may not be used to endorse or promote products derived from th
      +                          is
    29                           ;        software without specific prior written permission.
    30                           ; 
    31                           ; THIS SOFTWARE IS PROVIDED BY MICROCHIP "AS IS" AND ANY EXPRESS OR IMPLIED WARRANTIES,
    32                           ; INCLUDING, BUT NOT LIMITED TO, THE IMPLIED WARRANTIES OF MERCHANTABILITY AND FITNESS F
      +                          OR
    33                           ; PURPOSE ARE DISCLAIMED.  IN NO EVENT SHALL MICROCHIP BE LIABLE FOR ANY DIRECT, INDIREC
      +                          T,
    34                           ; INCIDENTAL, SPECIAL, EXEMPLARY, OR CONSEQUENTIAL DAMAGES (INCLUDING BUT NOT LIMITED TO
    35                           ; PROCUREMENT OF SUBSTITUTE GOODS OR SERVICES; LOSS OF USE, DATA OR PROFITS; OR BUSINESS
    36                           ; INTERRUPTION) HOWSOEVER CAUSED AND ON ANY THEORY OF LIABILITY, WHETHER IN CONTRACT, ST
      +                          RICT
    37                           ; LIABILITY, OR TORT (INCLUDING NEGLIGENCE OR OTHERWISE) ARISING IN ANY WAY OUT OF THE U
      +                          SE OF
    38                           ; THIS SOFTWARE, EVEN IF ADVISED OF THE POSSIBILITY OF SUCH DAMAGE.
    39                           ; 
    40                           ; 
    41                           ; Code-generator required, PIC16F887 Definitions
    42                           ; 
    43                           ; SFR Addresses
    44  0000                     	;# 
    45  0001                     	;# 
    46  0002                     	;# 
    47  0003                     	;# 
    48  0004                     	;# 
    49  0005                     	;# 
    50  0006                     	;# 
    51  0007                     	;# 
    52  0008                     	;# 
    53  0009                     	;# 
    54  000A                     	;# 
    55  000B                     	;# 
    56  000C                     	;# 
    57  000D                     	;# 
    58  000E                     	;# 
    59  000E                     	;# 
    60  000F                     	;# 
    61  0010                     	;# 
    62  0011                     	;# 
    63  0012                     	;# 
    64  0013                     	;# 
    65  0014                     	;# 
    66  0015                     	;# 
    67  0015                     	;# 
    68  0016                     	;# 
    69  0017                     	;# 
    70  0018                     	;# 
    71  0019                     	;# 
    72  001A                     	;# 
    73  001B                     	;# 
    74  001B                     	;# 
    75  001C                     	;# 
    76  001D                     	;# 
    77  001E                     	;# 
    78  001F                     	;# 
    79  0081                     	;# 
    80  0085                     	;# 
    81  0086                     	;# 
    82  0087                     	;# 
    83  0088                     	;# 
    84  0089                     	;# 
    85  008C                     	;# 
    86  008D                     	;# 
    87  008E                     	;# 
    88  008F                     	;# 
    89  0090                     	;# 
    90  0091                     	;# 
    91  0092                     	;# 
    92  0093                     	;# 
    93  0093                     	;# 
    94  0093                     	;# 
    95  0094                     	;# 
    96  0095                     	;# 
    97  0096                     	;# 
    98  0097                     	;# 
    99  0098                     	;# 
   100  0099                     	;# 
   101  009A                     	;# 
   102  009B                     	;# 
   103  009C                     	;# 
   104  009D                     	;# 
   105  009E                     	;# 
   106  009F                     	;# 
   107  0105                     	;# 
   108  0107                     	;# 
   109  0108                     	;# 
   110  0109                     	;# 
   111  010C                     	;# 
   112  010C                     	;# 
   113  010D                     	;# 
   114  010E                     	;# 
   115  010F                     	;# 
   116  0185                     	;# 
   117  0187                     	;# 
   118  0188                     	;# 
   119  0189                     	;# 
   120  018C                     	;# 
   121  018D                     	;# 
   122  0007                     _PORTC	set	7
   123  001A                     _RCREG	set	26
   124  00C4                     _CREN	set	196
   125  00C7                     _SPEN	set	199
   126  0038                     _RC0	set	56
   127  0099                     _SPBRG	set	153
   128  0087                     _TRISC	set	135
   129  008F                     _OSCCON	set	143
   130  04C4                     _SYNC	set	1220
   131                           
   132                           ; #config settings
   133  0000                     
   134                           	psect	cinit
   135  07FC                     start_initialization:	
   136  07FC                     __initialization:	
   137  07FC                     end_of_initialization:	
   138                           ;End of C runtime variable initialization code
   139                           
   140  07FC                     __end_of__initialization:	
   141  07FC  0183               	clrf	3
   142  07FD  120A  118A  2FD4   	ljmp	_main	;jump to C main() function
   143                           
   144                           	psect	cstackCOMMON
   145  0000                     __pcstackCOMMON:	
   146  0000                     ?_setup:	
   147  0000                     ??_setup:	
   148                           ; 1 bytes @ 0x0
   149                           
   150  0000                     ?_main:	
   151                           ; 1 bytes @ 0x0
   152                           
   153  0000                     ??_main:	
   154                           ; 1 bytes @ 0x0
   155                           
   156                           
   157                           	psect	maintext
   158  07D4                     __pmaintext:	
   159                           ; 1 bytes @ 0x0
   160 ;;
   161 ;;Main: autosize = 0, tempsize = 0, incstack = 0, save=0
   162 ;;
   163 ;; *************** function _main *****************
   164 ;; Defined at:
   165 ;;		line 43 in file "Bluetooth.c"
   166 ;; Parameters:    Size  Location     Type
   167 ;;		None
   168 ;; Auto vars:     Size  Location     Type
   169 ;;		None
   170 ;; Return value:  Size  Location     Type
   171 ;;                  1    wreg      void 
   172 ;; Registers used:
   173 ;;		wreg, status,2, status,0, pclath, cstack
   174 ;; Tracked objects:
   175 ;;		On entry : B00/0
   176 ;;		On exit  : 0/0
   177 ;;		Unchanged: 0/0
   178 ;; Data sizes:     COMMON   BANK0   BANK1   BANK3   BANK2
   179 ;;      Params:         0       0       0       0       0
   180 ;;      Locals:         0       0       0       0       0
   181 ;;      Temps:          0       0       0       0       0
   182 ;;      Totals:         0       0       0       0       0
   183 ;;Total ram usage:        0 bytes
   184 ;; Hardware stack levels required when called:    1
   185 ;; This function calls:
   186 ;;		_setup
   187 ;; This function is called by:
   188 ;;		Startup code after reset
   189 ;; This function uses a non-reentrant model
   190 ;;
   191                           
   192                           
   193                           ;psect for function _main
   194  07D4                     _main:	
   195                           
   196                           ;Bluetooth.c: 45: setup();
   197                           
   198                           ;incstack = 0
   199                           ; Regs used in _main: [wreg+status,2+status,0+pclath+cstack]
   200  07D4  120A  118A  27E5  120A  118A  	fcall	_setup
   201  07D9                     l509:	
   202                           ;Bluetooth.c: 47: while(1){
   203                           
   204                           
   205                           ;Bluetooth.c: 48: if(RCREG=='1')
   206  07D9  3031               	movlw	49
   207  07DA  1283               	bcf	3,5	;RP0=0, select bank0
   208  07DB  1303               	bcf	3,6	;RP1=0, select bank0
   209  07DC  061A               	xorwf	26,w	;volatile
   210  07DD  1903               	btfsc	3,2
   211                           
   212                           ;Bluetooth.c: 49: RC0=1;
   213  07DE  1407               	bsf	7,0	;volatile
   214                           
   215                           ;Bluetooth.c: 50: if(RCREG=='0')
   216  07DF  3030               	movlw	48
   217  07E0  061A               	xorwf	26,w	;volatile
   218  07E1  1D03               	btfss	3,2
   219  07E2  2FD9               	goto	l509
   220                           
   221                           ;Bluetooth.c: 51: RC0=0;
   222  07E3  1007               	bcf	7,0	;volatile
   223  07E4  2FD9               	goto	l509
   224  07E5                     __end_of_main:	
   225                           
   226                           	psect	text1
   227  07E5                     __ptext1:	
   228 ;; *************** function _setup *****************
   229 ;; Defined at:
   230 ;;		line 57 in file "Bluetooth.c"
   231 ;; Parameters:    Size  Location     Type
   232 ;;		None
   233 ;; Auto vars:     Size  Location     Type
   234 ;;		None
   235 ;; Return value:  Size  Location     Type
   236 ;;                  1    wreg      void 
   237 ;; Registers used:
   238 ;;		wreg, status,2
   239 ;; Tracked objects:
   240 ;;		On entry : 0/0
   241 ;;		On exit  : 0/0
   242 ;;		Unchanged: 0/0
   243 ;; Data sizes:     COMMON   BANK0   BANK1   BANK3   BANK2
   244 ;;      Params:         0       0       0       0       0
   245 ;;      Locals:         0       0       0       0       0
   246 ;;      Temps:          0       0       0       0       0
   247 ;;      Totals:         0       0       0       0       0
   248 ;;Total ram usage:        0 bytes
   249 ;; Hardware stack levels used:    1
   250 ;; This function calls:
   251 ;;		Nothing
   252 ;; This function is called by:
   253 ;;		_main
   254 ;; This function uses a non-reentrant model
   255 ;;
   256                           
   257                           
   258                           ;psect for function _setup
   259  07E5                     _setup:	
   260                           
   261                           ;Bluetooth.c: 58: OSCCON = 0B01111000;
   262                           
   263                           ;incstack = 0
   264                           ; Regs used in _setup: [wreg+status,2]
   265  07E5  3078               	movlw	120
   266  07E6  1683               	bsf	3,5	;RP0=1, select bank1
   267  07E7  1303               	bcf	3,6	;RP1=0, select bank1
   268  07E8  008F               	movwf	15	;volatile
   269                           
   270                           ;Bluetooth.c: 59: PORTC=0;
   271  07E9  1283               	bcf	3,5	;RP0=0, select bank0
   272  07EA  1303               	bcf	3,6	;RP1=0, select bank0
   273  07EB  0187               	clrf	7	;volatile
   274                           
   275                           ;Bluetooth.c: 60: TRISC=0B11111110;
   276  07EC  30FE               	movlw	254
   277  07ED  1683               	bsf	3,5	;RP0=1, select bank1
   278  07EE  1303               	bcf	3,6	;RP1=0, select bank1
   279  07EF  0087               	movwf	7	;volatile
   280                           
   281                           ;Bluetooth.c: 62: SPBRG =12;
   282  07F0  300C               	movlw	12
   283  07F1  0099               	movwf	25	;volatile
   284                           
   285                           ;Bluetooth.c: 63: SPEN =1;
   286  07F2  1283               	bcf	3,5	;RP0=0, select bank0
   287  07F3  1303               	bcf	3,6	;RP1=0, select bank0
   288  07F4  1798               	bsf	24,7	;volatile
   289                           
   290                           ;Bluetooth.c: 64: SYNC =0;
   291  07F5  1683               	bsf	3,5	;RP0=1, select bank1
   292  07F6  1303               	bcf	3,6	;RP1=0, select bank1
   293  07F7  1218               	bcf	24,4	;volatile
   294                           
   295                           ;Bluetooth.c: 65: CREN =1;
   296  07F8  1283               	bcf	3,5	;RP0=0, select bank0
   297  07F9  1303               	bcf	3,6	;RP1=0, select bank0
   298  07FA  1618               	bsf	24,4	;volatile
   299  07FB  0008               	return
   300  07FC                     __end_of_setup:	
   301  007E                     btemp	set	126	;btemp
   302  007E                     wtemp0	set	126


Data Sizes:
    Strings     0
    Constant    0
    Data        0
    BSS         0
    Persistent  0
    Stack       0

Auto Spaces:
    Space          Size  Autos    Used
    COMMON           14      0       0
    BANK0            80      0       0
    BANK1            80      0       0
    BANK3            96      0       0
    BANK2            96      0       0

Pointer List with Targets:

    None.

Critical Paths under _main in COMMON

    None.

Critical Paths under _main in BANK0

    None.

Critical Paths under _main in BANK1

    None.

Critical Paths under _main in BANK3

    None.

Critical Paths under _main in BANK2

    None.

Call Graph Tables:

 ---------------------------------------------------------------------------------
 (Depth) Function   	        Calls       Base Space   Used Autos Params    Refs
 ---------------------------------------------------------------------------------
 (0) _main                                                 0     0      0       0
                              _setup
 ---------------------------------------------------------------------------------
 (1) _setup                                                0     0      0       0
 ---------------------------------------------------------------------------------
 Estimated maximum stack depth 1
 ---------------------------------------------------------------------------------

 Call Graph Graphs:

 _main (ROOT)
   _setup

 Address spaces:
Name               Size   Autos  Total    Cost      Usage
BITCOMMON            E      0       0       0        0.0%
EEDATA             100      0       0       0        0.0%
NULL                 0      0       0       0        0.0%
CODE                 0      0       0       0        0.0%
COMMON               E      0       0       1        0.0%
BITSFR0              0      0       0       1        0.0%
SFR0                 0      0       0       1        0.0%
BITSFR1              0      0       0       2        0.0%
SFR1                 0      0       0       2        0.0%
STACK                0      0       0       2        0.0%
ABS                  0      0       0       3        0.0%
BITBANK0            50      0       0       4        0.0%
BITSFR3              0      0       0       4        0.0%
SFR3                 0      0       0       4        0.0%
BANK0               50      0       0       5        0.0%
BITSFR2              0      0       0       5        0.0%
SFR2                 0      0       0       5        0.0%
BITBANK1            50      0       0       6        0.0%
BANK1               50      0       0       7        0.0%
BITBANK3            60      0       0       8        0.0%
BANK3               60      0       0       9        0.0%
BITBANK2            60      0       0      10        0.0%
BANK2               60      0       0      11        0.0%
DATA                 0      0       0      12        0.0%


Microchip Technology PIC Macro Assembler V1.45 build -152302408 
Symbol Table                                                                                   Sat Mar 24 13:20:17 2018

             __CFG_CP$OFF 0000                       l509 07D9                       _RC0 0038  
            __CFG_CPD$OFF 0000              __CFG_IESO$ON 0000              __CFG_LVP$OFF 0000  
                    _CREN 00C4                      _SPEN 00C7                      _SYNC 04C4  
            __CFG_WRT$OFF 0000             __CFG_FCMEN$ON 0000                      _main 07D4  
                    btemp 007E             __CFG_BOREN$ON 0000                      start 0000  
           __CFG_MCLRE$ON 0000                     ?_main 0000             __CFG_WDTE$OFF 0000  
                   _RCREG 001A                     _SPBRG 0099                     _PORTC 0007  
                   _TRISC 0087             __CFG_PWRTE$ON 0000                     _setup 07E5  
                   status 0003                     wtemp0 007E           __initialization 07FC  
            __end_of_main 07E5                    ??_main 0000                    ?_setup 0000  
                  _OSCCON 008F   __end_of__initialization 07FC            __pcstackCOMMON 0000  
           __end_of_setup 07FC                   ??_setup 0000                __pmaintext 07D4  
                 __ptext1 07E5      end_of_initialization 07FC       start_initialization 07FC  
__CFG_FOSC$INTRC_NOCLKOUT 0000                 ___latbits 0002            __size_of_setup 0017  
       __CFG_BOR4V$BOR40V 0000             __size_of_main 0011  
