

Microchip Technology PIC LITE Macro Assembler V1.45 build -152302408 
                                                                                               Sat Mar 24 12:54:25 2018

Microchip Technology Omniscient Code Generator v1.45 (Free mode) build 201711160504
     1                           	processor	16F887
     2                           	opt	pw 120
     3                           	opt	lm
     4                           	psect	cinit,global,class=CODE,merge=1,delta=2
     5                           	psect	cstackCOMMON,global,class=COMMON,space=1,delta=1
     6                           	psect	maintext,global,class=CODE,split=1,delta=2
     7                           	dabs	1,0x7E,2
     8  0000                     
     9                           ; Version 1.45
    10                           ; Generated 16/11/2017 GMT
    11                           ; 
    12                           ; Copyright © 2017, Microchip Technology Inc. and its subsidiaries ("Microchip")
    13                           ; All rights reserved.
    14                           ; 
    15                           ; This software is developed by Microchip Technology Inc. and its subsidiaries ("Microch
      +                          ip").
    16                           ; 
    17                           ; Redistribution and use in source and binary forms, with or without modification, are
    18                           ; permitted provided that the following conditions are met:
    19                           ; 
    20                           ;     1. Redistributions of source code must retain the above copyright notice, this lis
      +                          t of
    21                           ;        conditions and the following disclaimer.
    22                           ; 
    23                           ;     2. Redistributions in binary form must reproduce the above copyright notice, this 
      +                          list
    24                           ;        of conditions and the following disclaimer in the documentation and/or other
    25                           ;        materials provided with the distribution.
    26                           ; 
    27                           ;     3. Microchip's name may not be used to endorse or promote products derived from th
      +                          is
    28                           ;        software without specific prior written permission.
    29                           ; 
    30                           ; THIS SOFTWARE IS PROVIDED BY MICROCHIP "AS IS" AND ANY EXPRESS OR IMPLIED WARRANTIES,
    31                           ; INCLUDING, BUT NOT LIMITED TO, THE IMPLIED WARRANTIES OF MERCHANTABILITY AND FITNESS F
      +                          OR
    32                           ; PURPOSE ARE DISCLAIMED.  IN NO EVENT SHALL MICROCHIP BE LIABLE FOR ANY DIRECT, INDIREC
      +                          T,
    33                           ; INCIDENTAL, SPECIAL, EXEMPLARY, OR CONSEQUENTIAL DAMAGES (INCLUDING BUT NOT LIMITED TO
    34                           ; PROCUREMENT OF SUBSTITUTE GOODS OR SERVICES; LOSS OF USE, DATA OR PROFITS; OR BUSINESS
    35                           ; INTERRUPTION) HOWSOEVER CAUSED AND ON ANY THEORY OF LIABILITY, WHETHER IN CONTRACT, ST
      +                          RICT
    36                           ; LIABILITY, OR TORT (INCLUDING NEGLIGENCE OR OTHERWISE) ARISING IN ANY WAY OUT OF THE U
      +                          SE OF
    37                           ; THIS SOFTWARE, EVEN IF ADVISED OF THE POSSIBILITY OF SUCH DAMAGE.
    38                           ; 
    39                           ; 
    40                           ; Code-generator required, PIC16F887 Definitions
    41                           ; 
    42                           ; SFR Addresses
    43  0000                     	;# 
    44  0001                     	;# 
    45  0002                     	;# 
    46  0003                     	;# 
    47  0004                     	;# 
    48  0005                     	;# 
    49  0006                     	;# 
    50  0007                     	;# 
    51  0008                     	;# 
    52  0009                     	;# 
    53  000A                     	;# 
    54  000B                     	;# 
    55  000C                     	;# 
    56  000D                     	;# 
    57  000E                     	;# 
    58  000E                     	;# 
    59  000F                     	;# 
    60  0010                     	;# 
    61  0011                     	;# 
    62  0012                     	;# 
    63  0013                     	;# 
    64  0014                     	;# 
    65  0015                     	;# 
    66  0015                     	;# 
    67  0016                     	;# 
    68  0017                     	;# 
    69  0018                     	;# 
    70  0019                     	;# 
    71  001A                     	;# 
    72  001B                     	;# 
    73  001B                     	;# 
    74  001C                     	;# 
    75  001D                     	;# 
    76  001E                     	;# 
    77  001F                     	;# 
    78  0081                     	;# 
    79  0085                     	;# 
    80  0086                     	;# 
    81  0087                     	;# 
    82  0088                     	;# 
    83  0089                     	;# 
    84  008C                     	;# 
    85  008D                     	;# 
    86  008E                     	;# 
    87  008F                     	;# 
    88  0090                     	;# 
    89  0091                     	;# 
    90  0092                     	;# 
    91  0093                     	;# 
    92  0093                     	;# 
    93  0093                     	;# 
    94  0094                     	;# 
    95  0095                     	;# 
    96  0096                     	;# 
    97  0097                     	;# 
    98  0098                     	;# 
    99  0099                     	;# 
   100  009A                     	;# 
   101  009B                     	;# 
   102  009C                     	;# 
   103  009D                     	;# 
   104  009E                     	;# 
   105  009F                     	;# 
   106  0105                     	;# 
   107  0107                     	;# 
   108  0108                     	;# 
   109  0109                     	;# 
   110  010C                     	;# 
   111  010C                     	;# 
   112  010D                     	;# 
   113  010E                     	;# 
   114  010F                     	;# 
   115  0185                     	;# 
   116  0187                     	;# 
   117  0188                     	;# 
   118  0189                     	;# 
   119  018C                     	;# 
   120  018D                     	;# 
   121  0007                     _PORTC	set	7
   122  0038                     _RC0	set	56
   123  0087                     _TRISC	set	135
   124  008F                     _OSCCON	set	143
   125                           
   126                           ; #config settings
   127  0000                     
   128                           	psect	cinit
   129  07FC                     start_initialization:	
   130  07FC                     __initialization:	
   131  07FC                     end_of_initialization:	
   132                           ;End of C runtime variable initialization code
   133                           
   134  07FC                     __end_of__initialization:	
   135  07FC  0183               	clrf	3
   136  07FD  120A  118A  2FDF   	ljmp	_main	;jump to C main() function
   137                           
   138                           	psect	cstackCOMMON
   139  0070                     __pcstackCOMMON:	
   140  0070                     ?_main:	
   141  0070                     ??_main:	
   142                           ; 1 bytes @ 0x0
   143                           
   144                           
   145                           ; 1 bytes @ 0x0
   146  0070                     	ds	3
   147                           
   148                           	psect	maintext
   149  07DF                     __pmaintext:	
   150 ;;
   151 ;;Main: autosize = 0, tempsize = 3, incstack = 0, save=0
   152 ;;
   153 ;; *************** function _main *****************
   154 ;; Defined at:
   155 ;;		line 41 in file "Led.c"
   156 ;; Parameters:    Size  Location     Type
   157 ;;		None
   158 ;; Auto vars:     Size  Location     Type
   159 ;;		None
   160 ;; Return value:  Size  Location     Type
   161 ;;                  1    wreg      void 
   162 ;; Registers used:
   163 ;;		wreg, status,2
   164 ;; Tracked objects:
   165 ;;		On entry : B00/0
   166 ;;		On exit  : 0/0
   167 ;;		Unchanged: 0/0
   168 ;; Data sizes:     COMMON   BANK0   BANK1   BANK3   BANK2
   169 ;;      Params:         0       0       0       0       0
   170 ;;      Locals:         0       0       0       0       0
   171 ;;      Temps:          3       0       0       0       0
   172 ;;      Totals:         3       0       0       0       0
   173 ;;Total ram usage:        3 bytes
   174 ;; This function calls:
   175 ;;		Nothing
   176 ;; This function is called by:
   177 ;;		Startup code after reset
   178 ;; This function uses a non-reentrant model
   179 ;;
   180                           
   181                           
   182                           ;psect for function _main
   183  07DF                     _main:	
   184                           
   185                           ;Led.c: 43: OSCCON = 0B01111000;
   186                           
   187                           ;incstack = 0
   188                           ; Regs used in _main: [wreg+status,2]
   189  07DF  3078               	movlw	120
   190  07E0  1683               	bsf	3,5	;RP0=1, select bank1
   191  07E1  1303               	bcf	3,6	;RP1=0, select bank1
   192  07E2  008F               	movwf	15	;volatile
   193                           
   194                           ;Led.c: 44: PORTC=0;
   195  07E3  1283               	bcf	3,5	;RP0=0, select bank0
   196  07E4  1303               	bcf	3,6	;RP1=0, select bank0
   197  07E5  0187               	clrf	7	;volatile
   198                           
   199                           ;Led.c: 45: TRISC=0B11111110;
   200  07E6  30FE               	movlw	254
   201  07E7  1683               	bsf	3,5	;RP0=1, select bank1
   202  07E8  1303               	bcf	3,6	;RP1=0, select bank1
   203  07E9  0087               	movwf	7	;volatile
   204  07EA                     l484:	
   205                           ;Led.c: 46: while(1){
   206                           
   207                           
   208                           ;Led.c: 47: RC0=!RC0;
   209  07EA  3001               	movlw	1
   210  07EB  1283               	bcf	3,5	;RP0=0, select bank0
   211  07EC  1303               	bcf	3,6	;RP1=0, select bank0
   212  07ED  0687               	xorwf	7,f
   213                           
   214                           ;Led.c: 48: _delay((unsigned long)((500)*(8000000/4000)));
   215  07EE  3006               	movlw	6
   216  07EF  00F2               	movwf	??_main+2
   217  07F0  3013               	movlw	19
   218  07F1  00F1               	movwf	??_main+1
   219  07F2  30AD               	movlw	173
   220  07F3  00F0               	movwf	??_main
   221  07F4                     u17:	
   222  07F4  0BF0               	decfsz	??_main,f
   223  07F5  2FF4               	goto	u17
   224  07F6  0BF1               	decfsz	??_main+1,f
   225  07F7  2FF4               	goto	u17
   226  07F8  0BF2               	decfsz	??_main+2,f
   227  07F9  2FF4               	goto	u17
   228  07FA  2FFB               	nop2
   229  07FB  2FEA               	goto	l484
   230  07FC                     __end_of_main:	
   231  007E                     btemp	set	126	;btemp
   232  007E                     wtemp0	set	126


Data Sizes:
    Strings     0
    Constant    0
    Data        0
    BSS         0
    Persistent  0
    Stack       0

Auto Spaces:
    Space          Size  Autos    Used
    COMMON           14      3       3
    BANK0            80      0       0
    BANK1            80      0       0
    BANK3            96      0       0
    BANK2            96      0       0

Pointer List with Targets:

    None.

Critical Paths under _main in COMMON

    None.

Critical Paths under _main in BANK0

    None.

Critical Paths under _main in BANK1

    None.

Critical Paths under _main in BANK3

    None.

Critical Paths under _main in BANK2

    None.

Call Graph Tables:

 ---------------------------------------------------------------------------------
 (Depth) Function   	        Calls       Base Space   Used Autos Params    Refs
 ---------------------------------------------------------------------------------
 (0) _main                                                 3     3      0       0
                                              0 COMMON     3     3      0
 ---------------------------------------------------------------------------------
 Estimated maximum stack depth 0
 ---------------------------------------------------------------------------------

 Call Graph Graphs:

 _main (ROOT)

 Address spaces:
Name               Size   Autos  Total    Cost      Usage
BITCOMMON            E      0       0       0        0.0%
EEDATA             100      0       0       0        0.0%
NULL                 0      0       0       0        0.0%
CODE                 0      0       0       0        0.0%
COMMON               E      3       3       1       21.4%
BITSFR0              0      0       0       1        0.0%
SFR0                 0      0       0       1        0.0%
BITSFR1              0      0       0       2        0.0%
SFR1                 0      0       0       2        0.0%
STACK                0      0       0       2        0.0%
ABS                  0      0       0       3        0.0%
BITBANK0            50      0       0       4        0.0%
BITSFR3              0      0       0       4        0.0%
SFR3                 0      0       0       4        0.0%
BANK0               50      0       0       5        0.0%
BITSFR2              0      0       0       5        0.0%
SFR2                 0      0       0       5        0.0%
BITBANK1            50      0       0       6        0.0%
BANK1               50      0       0       7        0.0%
BITBANK3            60      0       0       8        0.0%
BANK3               60      0       0       9        0.0%
BITBANK2            60      0       0      10        0.0%
BANK2               60      0       0      11        0.0%
DATA                 0      0       0      12        0.0%


Microchip Technology PIC Macro Assembler V1.45 build -152302408 
Symbol Table                                                                                   Sat Mar 24 12:54:25 2018

             __CFG_CP$OFF 0000                        u17 07F4                       l484 07EA  
                     _RC0 0038              __CFG_CPD$OFF 0000              __CFG_IESO$ON 0000  
            __CFG_LVP$OFF 0000              __CFG_WRT$OFF 0000             __CFG_FCMEN$ON 0000  
                    _main 07DF                      btemp 007E             __CFG_BOREN$ON 0000  
                    start 0000             __CFG_MCLRE$ON 0000                     ?_main 0070  
           __CFG_WDTE$OFF 0000                     _PORTC 0007                     _TRISC 0087  
           __CFG_PWRTE$ON 0000                     status 0003                     wtemp0 007E  
         __initialization 07FC              __end_of_main 07FC                    ??_main 0070  
                  _OSCCON 008F   __end_of__initialization 07FC            __pcstackCOMMON 0070  
              __pmaintext 07DF      end_of_initialization 07FC       start_initialization 07FC  
__CFG_FOSC$INTRC_NOCLKOUT 0000                 ___latbits 0002         __CFG_BOR4V$BOR40V 0000  
           __size_of_main 001D  
